[32mserver is running on 9001[39m
[32mserver is running on 9001[39m
/home/hefner/public_html/mijnsexshop.nl/bower_components/angular/angular.js url
error null
/home/hefner/public_html/mijnsexshop.nl/bower_components/angular/angular.js url
error null
/home/hefner/public_html/mijnsexshop.nl/bower_components/angular/angular.js url
error null
/home/hefner/public_html/mijnsexshop.nl/bower_components/angular/angular.js url
error null
/home/hefner/public_html/mijnsexshop.nl/bower_components/angular/angular.js url
error null
/home/hefner/public_html/mijnsexshop.nl/css/main.css url
error { [Error: ENOENT, open '/home/hefner/public_html/mijnsexshop.nl/css/main.css']
  errno: 34,
  code: 'ENOENT',
  path: '/home/hefner/public_html/mijnsexshop.nl/css/main.css' }
{ [Error: ENOENT, open '/home/hefner/public_html/mijnsexshop.nl/css/main.css']
  errno: 34,
  code: 'ENOENT',
  path: '/home/hefner/public_html/mijnsexshop.nl/css/main.css' } 'not found '
/home/hefner/public_html/mijnsexshop.nl/bower_components/angular/angular.js url
/home/hefner/public_html/mijnsexshop.nl/node_modules/bootstrap/dist/css/bootstrap.min.css url
/home/hefner/public_html/mijnsexshop.nl/node_modules/requirejs/require.js url
error { [Error: ENOENT, open '/home/hefner/public_html/mijnsexshop.nl/node_modules/bootstrap/dist/css/bootstrap.min.css']
  errno: 34,
  code: 'ENOENT',
  path: '/home/hefner/public_html/mijnsexshop.nl/node_modules/bootstrap/dist/css/bootstrap.min.css' }
{ [Error: ENOENT, open '/home/hefner/public_html/mijnsexshop.nl/node_modules/bootstrap/dist/css/bootstrap.min.css']
  errno: 34,
  code: 'ENOENT',
  path: '/home/hefner/public_html/mijnsexshop.nl/node_modules/bootstrap/dist/css/bootstrap.min.css' } 'not found '
error null
error null
/home/hefner/public_html/mijnsexshop.nl/node_modules/bootstrap/dist/css/bootstrap.min.css url
error { [Error: ENOENT, open '/home/hefner/public_html/mijnsexshop.nl/node_modules/bootstrap/dist/css/bootstrap.min.css']
  errno: 34,
  code: 'ENOENT',
  path: '/home/hefner/public_html/mijnsexshop.nl/node_modules/bootstrap/dist/css/bootstrap.min.css' }
{ [Error: ENOENT, open '/home/hefner/public_html/mijnsexshop.nl/node_modules/bootstrap/dist/css/bootstrap.min.css']
  errno: 34,
  code: 'ENOENT',
  path: '/home/hefner/public_html/mijnsexshop.nl/node_modules/bootstrap/dist/css/bootstrap.min.css' } 'not found '
/home/hefner/public_html/mijnsexshop.nl/css/main.css url
error { [Error: ENOENT, open '/home/hefner/public_html/mijnsexshop.nl/css/main.css']
  errno: 34,
  code: 'ENOENT',
  path: '/home/hefner/public_html/mijnsexshop.nl/css/main.css' }
{ [Error: ENOENT, open '/home/hefner/public_html/mijnsexshop.nl/css/main.css']
  errno: 34,
  code: 'ENOENT',
  path: '/home/hefner/public_html/mijnsexshop.nl/css/main.css' } 'not found '
/home/hefner/public_html/mijnsexshop.nl/js/config.js url
error null
/home/hefner/public_html/mijnsexshop.nl/js/main.js url
/home/hefner/public_html/mijnsexshop.nl/node_modules/jquery/dist/jquery.js url
error { [Error: ENOENT, open '/home/hefner/public_html/mijnsexshop.nl/js/main.js']
  errno: 34,
  code: 'ENOENT',
  path: '/home/hefner/public_html/mijnsexshop.nl/js/main.js' }
{ [Error: ENOENT, open '/home/hefner/public_html/mijnsexshop.nl/js/main.js']
  errno: 34,
  code: 'ENOENT',
  path: '/home/hefner/public_html/mijnsexshop.nl/js/main.js' } 'not found '
error { [Error: ENOENT, open '/home/hefner/public_html/mijnsexshop.nl/node_modules/jquery/dist/jquery.js']
  errno: 34,
  code: 'ENOENT',
  path: '/home/hefner/public_html/mijnsexshop.nl/node_modules/jquery/dist/jquery.js' }
{ [Error: ENOENT, open '/home/hefner/public_html/mijnsexshop.nl/node_modules/jquery/dist/jquery.js']
  errno: 34,
  code: 'ENOENT',
  path: '/home/hefner/public_html/mijnsexshop.nl/node_modules/jquery/dist/jquery.js' } 'not found '
/home/hefner/public_html/mijnsexshop.nl/node_modules/requirejs/require.js url
/home/hefner/public_html/mijnsexshop.nl/bower_components/angular/angular.js url
error null
/home/hefner/public_html/mijnsexshop.nl/css/main.css url
/home/hefner/public_html/mijnsexshop.nl/node_modules/bootstrap/dist/css/bootstrap.min.css url
error { [Error: ENOENT, open '/home/hefner/public_html/mijnsexshop.nl/css/main.css']
  errno: 34,
  code: 'ENOENT',
  path: '/home/hefner/public_html/mijnsexshop.nl/css/main.css' }
{ [Error: ENOENT, open '/home/hefner/public_html/mijnsexshop.nl/css/main.css']
  errno: 34,
  code: 'ENOENT',
  path: '/home/hefner/public_html/mijnsexshop.nl/css/main.css' } 'not found '
error { [Error: ENOENT, open '/home/hefner/public_html/mijnsexshop.nl/node_modules/bootstrap/dist/css/bootstrap.min.css']
  errno: 34,
  code: 'ENOENT',
  path: '/home/hefner/public_html/mijnsexshop.nl/node_modules/bootstrap/dist/css/bootstrap.min.css' }
{ [Error: ENOENT, open '/home/hefner/public_html/mijnsexshop.nl/node_modules/bootstrap/dist/css/bootstrap.min.css']
  errno: 34,
  code: 'ENOENT',
  path: '/home/hefner/public_html/mijnsexshop.nl/node_modules/bootstrap/dist/css/bootstrap.min.css' } 'not found '
error null
/home/hefner/public_html/mijnsexshop.nl/css/main.css url
error { [Error: ENOENT, open '/home/hefner/public_html/mijnsexshop.nl/css/main.css']
  errno: 34,
  code: 'ENOENT',
  path: '/home/hefner/public_html/mijnsexshop.nl/css/main.css' }
{ [Error: ENOENT, open '/home/hefner/public_html/mijnsexshop.nl/css/main.css']
  errno: 34,
  code: 'ENOENT',
  path: '/home/hefner/public_html/mijnsexshop.nl/css/main.css' } 'not found '
/home/hefner/public_html/mijnsexshop.nl/node_modules/bootstrap/dist/css/bootstrap.min.css url
error { [Error: ENOENT, open '/home/hefner/public_html/mijnsexshop.nl/node_modules/bootstrap/dist/css/bootstrap.min.css']
  errno: 34,
  code: 'ENOENT',
  path: '/home/hefner/public_html/mijnsexshop.nl/node_modules/bootstrap/dist/css/bootstrap.min.css' }
{ [Error: ENOENT, open '/home/hefner/public_html/mijnsexshop.nl/node_modules/bootstrap/dist/css/bootstrap.min.css']
  errno: 34,
  code: 'ENOENT',
  path: '/home/hefner/public_html/mijnsexshop.nl/node_modules/bootstrap/dist/css/bootstrap.min.css' } 'not found '
/home/hefner/public_html/mijnsexshop.nl/js/config.js url
error null
/home/hefner/public_html/mijnsexshop.nl/js/main.js url
error { [Error: ENOENT, open '/home/hefner/public_html/mijnsexshop.nl/js/main.js']
  errno: 34,
  code: 'ENOENT',
  path: '/home/hefner/public_html/mijnsexshop.nl/js/main.js' }
{ [Error: ENOENT, open '/home/hefner/public_html/mijnsexshop.nl/js/main.js']
  errno: 34,
  code: 'ENOENT',
  path: '/home/hefner/public_html/mijnsexshop.nl/js/main.js' } 'not found '
/home/hefner/public_html/mijnsexshop.nl/node_modules/jquery/dist/jquery.js url
error { [Error: ENOENT, open '/home/hefner/public_html/mijnsexshop.nl/node_modules/jquery/dist/jquery.js']
  errno: 34,
  code: 'ENOENT',
  path: '/home/hefner/public_html/mijnsexshop.nl/node_modules/jquery/dist/jquery.js' }
{ [Error: ENOENT, open '/home/hefner/public_html/mijnsexshop.nl/node_modules/jquery/dist/jquery.js']
  errno: 34,
  code: 'ENOENT',
  path: '/home/hefner/public_html/mijnsexshop.nl/node_modules/jquery/dist/jquery.js' } 'not found '
/home/hefner/public_html/mijnsexshop.nl/node_modules/requirejs/require.js url
error null
/home/hefner/public_html/mijnsexshop.nl/bower_components/angular/angular.js url
/home/hefner/public_html/mijnsexshop.nl/css/webshop.css url
/home/hefner/public_html/mijnsexshop.nl/node_modules/bootstrap/dist/css/bootstrap.min.css url
error { [Error: ENOENT, open '/home/hefner/public_html/mijnsexshop.nl/node_modules/bootstrap/dist/css/bootstrap.min.css']
  errno: 34,
  code: 'ENOENT',
  path: '/home/hefner/public_html/mijnsexshop.nl/node_modules/bootstrap/dist/css/bootstrap.min.css' }
{ [Error: ENOENT, open '/home/hefner/public_html/mijnsexshop.nl/node_modules/bootstrap/dist/css/bootstrap.min.css']
  errno: 34,
  code: 'ENOENT',
  path: '/home/hefner/public_html/mijnsexshop.nl/node_modules/bootstrap/dist/css/bootstrap.min.css' } 'not found '
error null
error null
/home/hefner/public_html/mijnsexshop.nl/node_modules/bootstrap/dist/css/bootstrap.min.css url
error { [Error: ENOENT, open '/home/hefner/public_html/mijnsexshop.nl/node_modules/bootstrap/dist/css/bootstrap.min.css']
  errno: 34,
  code: 'ENOENT',
  path: '/home/hefner/public_html/mijnsexshop.nl/node_modules/bootstrap/dist/css/bootstrap.min.css' }
{ [Error: ENOENT, open '/home/hefner/public_html/mijnsexshop.nl/node_modules/bootstrap/dist/css/bootstrap.min.css']
  errno: 34,
  code: 'ENOENT',
  path: '/home/hefner/public_html/mijnsexshop.nl/node_modules/bootstrap/dist/css/bootstrap.min.css' } 'not found '
/home/hefner/public_html/mijnsexshop.nl/js/config.js url
error null
/home/hefner/public_html/mijnsexshop.nl/js/main.js url
error { [Error: ENOENT, open '/home/hefner/public_html/mijnsexshop.nl/js/main.js']
  errno: 34,
  code: 'ENOENT',
  path: '/home/hefner/public_html/mijnsexshop.nl/js/main.js' }
{ [Error: ENOENT, open '/home/hefner/public_html/mijnsexshop.nl/js/main.js']
  errno: 34,
  code: 'ENOENT',
  path: '/home/hefner/public_html/mijnsexshop.nl/js/main.js' } 'not found '
/home/hefner/public_html/mijnsexshop.nl/node_modules/jquery/dist/jquery.js url
error { [Error: ENOENT, open '/home/hefner/public_html/mijnsexshop.nl/node_modules/jquery/dist/jquery.js']
  errno: 34,
  code: 'ENOENT',
  path: '/home/hefner/public_html/mijnsexshop.nl/node_modules/jquery/dist/jquery.js' }
{ [Error: ENOENT, open '/home/hefner/public_html/mijnsexshop.nl/node_modules/jquery/dist/jquery.js']
  errno: 34,
  code: 'ENOENT',
  path: '/home/hefner/public_html/mijnsexshop.nl/node_modules/jquery/dist/jquery.js' } 'not found '
/home/hefner/public_html/mijnsexshop.nl/bower_components/angular/angular.js url
error null
/home/hefner/public_html/mijnsexshop.nl/node_modules/bootstrap/dist/css/bootstrap.min.css url
error { [Error: ENOENT, open '/home/hefner/public_html/mijnsexshop.nl/node_modules/bootstrap/dist/css/bootstrap.min.css']
  errno: 34,
  code: 'ENOENT',
  path: '/home/hefner/public_html/mijnsexshop.nl/node_modules/bootstrap/dist/css/bootstrap.min.css' }
{ [Error: ENOENT, open '/home/hefner/public_html/mijnsexshop.nl/node_modules/bootstrap/dist/css/bootstrap.min.css']
  errno: 34,
  code: 'ENOENT',
  path: '/home/hefner/public_html/mijnsexshop.nl/node_modules/bootstrap/dist/css/bootstrap.min.css' } 'not found '
/home/hefner/public_html/mijnsexshop.nl/css/webshop.css url
/home/hefner/public_html/mijnsexshop.nl/node_modules/requirejs/require.js url
error null
error null
/home/hefner/public_html/mijnsexshop.nl/node_modules/bootstrap/dist/css/bootstrap.min.css url
error { [Error: ENOENT, open '/home/hefner/public_html/mijnsexshop.nl/node_modules/bootstrap/dist/css/bootstrap.min.css']
  errno: 34,
  code: 'ENOENT',
  path: '/home/hefner/public_html/mijnsexshop.nl/node_modules/bootstrap/dist/css/bootstrap.min.css' }
{ [Error: ENOENT, open '/home/hefner/public_html/mijnsexshop.nl/node_modules/bootstrap/dist/css/bootstrap.min.css']
  errno: 34,
  code: 'ENOENT',
  path: '/home/hefner/public_html/mijnsexshop.nl/node_modules/bootstrap/dist/css/bootstrap.min.css' } 'not found '
/home/hefner/public_html/mijnsexshop.nl/js/config.js url
error null
/home/hefner/public_html/mijnsexshop.nl/js/webshop.js url
error null
/home/hefner/public_html/mijnsexshop.nl/node_modules/jquery/dist/jquery.js url
error { [Error: ENOENT, open '/home/hefner/public_html/mijnsexshop.nl/node_modules/jquery/dist/jquery.js']
  errno: 34,
  code: 'ENOENT',
  path: '/home/hefner/public_html/mijnsexshop.nl/node_modules/jquery/dist/jquery.js' }
{ [Error: ENOENT, open '/home/hefner/public_html/mijnsexshop.nl/node_modules/jquery/dist/jquery.js']
  errno: 34,
  code: 'ENOENT',
  path: '/home/hefner/public_html/mijnsexshop.nl/node_modules/jquery/dist/jquery.js' } 'not found '
/home/hefner/public_html/mijnsexshop.nl/node_modules/requirejs/require.js url
error null
/home/hefner/public_html/mijnsexshop.nl/bower_components/angular/angular.js url
/home/hefner/public_html/mijnsexshop.nl/css/webshop.css url
/home/hefner/public_html/mijnsexshop.nl/node_modules/bootstrap/dist/css/bootstrap.min.css url
error { [Error: ENOENT, open '/home/hefner/public_html/mijnsexshop.nl/node_modules/bootstrap/dist/css/bootstrap.min.css']
  errno: 34,
  code: 'ENOENT',
  path: '/home/hefner/public_html/mijnsexshop.nl/node_modules/bootstrap/dist/css/bootstrap.min.css' }
{ [Error: ENOENT, open '/home/hefner/public_html/mijnsexshop.nl/node_modules/bootstrap/dist/css/bootstrap.min.css']
  errno: 34,
  code: 'ENOENT',
  path: '/home/hefner/public_html/mijnsexshop.nl/node_modules/bootstrap/dist/css/bootstrap.min.css' } 'not found '
error null
error null
/home/hefner/public_html/mijnsexshop.nl/node_modules/bootstrap/dist/css/bootstrap.min.css url
error { [Error: ENOENT, open '/home/hefner/public_html/mijnsexshop.nl/node_modules/bootstrap/dist/css/bootstrap.min.css']
  errno: 34,
  code: 'ENOENT',
  path: '/home/hefner/public_html/mijnsexshop.nl/node_modules/bootstrap/dist/css/bootstrap.min.css' }
{ [Error: ENOENT, open '/home/hefner/public_html/mijnsexshop.nl/node_modules/bootstrap/dist/css/bootstrap.min.css']
  errno: 34,
  code: 'ENOENT',
  path: '/home/hefner/public_html/mijnsexshop.nl/node_modules/bootstrap/dist/css/bootstrap.min.css' } 'not found '
/home/hefner/public_html/mijnsexshop.nl/js/config.js url
error null
/home/hefner/public_html/mijnsexshop.nl/js/webshop.js url
error null
/home/hefner/public_html/mijnsexshop.nl/node_modules/jquery/dist/jquery.js url
error { [Error: ENOENT, open '/home/hefner/public_html/mijnsexshop.nl/node_modules/jquery/dist/jquery.js']
  errno: 34,
  code: 'ENOENT',
  path: '/home/hefner/public_html/mijnsexshop.nl/node_modules/jquery/dist/jquery.js' }
{ [Error: ENOENT, open '/home/hefner/public_html/mijnsexshop.nl/node_modules/jquery/dist/jquery.js']
  errno: 34,
  code: 'ENOENT',
  path: '/home/hefner/public_html/mijnsexshop.nl/node_modules/jquery/dist/jquery.js' } 'not found '
/home/hefner/public_html/mijnsexshop.nl/node_modules/bootstrap/dist/css/bootstrap.min.css url
error { [Error: ENOENT, open '/home/hefner/public_html/mijnsexshop.nl/node_modules/bootstrap/dist/css/bootstrap.min.css']
  errno: 34,
  code: 'ENOENT',
  path: '/home/hefner/public_html/mijnsexshop.nl/node_modules/bootstrap/dist/css/bootstrap.min.css' }
{ [Error: ENOENT, open '/home/hefner/public_html/mijnsexshop.nl/node_modules/bootstrap/dist/css/bootstrap.min.css']
  errno: 34,
  code: 'ENOENT',
  path: '/home/hefner/public_html/mijnsexshop.nl/node_modules/bootstrap/dist/css/bootstrap.min.css' } 'not found '
/home/hefner/public_html/mijnsexshop.nl/node_modules/requirejs/require.js url
/home/hefner/public_html/mijnsexshop.nl/css/webshop.css url
error null
error null
/home/hefner/public_html/mijnsexshop.nl/bower_components/angular/angular.js url
error null
/home/hefner/public_html/mijnsexshop.nl/node_modules/bootstrap/dist/css/bootstrap.min.css url
error { [Error: ENOENT, open '/home/hefner/public_html/mijnsexshop.nl/node_modules/bootstrap/dist/css/bootstrap.min.css']
  errno: 34,
  code: 'ENOENT',
  path: '/home/hefner/public_html/mijnsexshop.nl/node_modules/bootstrap/dist/css/bootstrap.min.css' }
{ [Error: ENOENT, open '/home/hefner/public_html/mijnsexshop.nl/node_modules/bootstrap/dist/css/bootstrap.min.css']
  errno: 34,
  code: 'ENOENT',
  path: '/home/hefner/public_html/mijnsexshop.nl/node_modules/bootstrap/dist/css/bootstrap.min.css' } 'not found '
/home/hefner/public_html/mijnsexshop.nl/js/config.js url
error null
/home/hefner/public_html/mijnsexshop.nl/js/webshop.js url
error null
/home/hefner/public_html/mijnsexshop.nl/node_modules/jquery/dist/jquery.js url
error null
/home/hefner/public_html/mijnsexshop.nl/node_modules/bootstrap/dist/js/bootstrap.js url
error { [Error: ENOENT, open '/home/hefner/public_html/mijnsexshop.nl/node_modules/bootstrap/dist/js/bootstrap.js']
  errno: 34,
  code: 'ENOENT',
  path: '/home/hefner/public_html/mijnsexshop.nl/node_modules/bootstrap/dist/js/bootstrap.js' }
{ [Error: ENOENT, open '/home/hefner/public_html/mijnsexshop.nl/node_modules/bootstrap/dist/js/bootstrap.js']
  errno: 34,
  code: 'ENOENT',
  path: '/home/hefner/public_html/mijnsexshop.nl/node_modules/bootstrap/dist/js/bootstrap.js' } 'not found '
/home/hefner/public_html/mijnsexshop.nl/node_modules/requirejs/require.js url
/home/hefner/public_html/mijnsexshop.nl/bower_components/angular/angular.js url
/home/hefner/public_html/mijnsexshop.nl/css/webshop.css url
/home/hefner/public_html/mijnsexshop.nl/node_modules/bootstrap/dist/css/bootstrap.min.css url
error { [Error: ENOENT, open '/home/hefner/public_html/mijnsexshop.nl/node_modules/bootstrap/dist/css/bootstrap.min.css']
  errno: 34,
  code: 'ENOENT',
  path: '/home/hefner/public_html/mijnsexshop.nl/node_modules/bootstrap/dist/css/bootstrap.min.css' }
{ [Error: ENOENT, open '/home/hefner/public_html/mijnsexshop.nl/node_modules/bootstrap/dist/css/bootstrap.min.css']
  errno: 34,
  code: 'ENOENT',
  path: '/home/hefner/public_html/mijnsexshop.nl/node_modules/bootstrap/dist/css/bootstrap.min.css' } 'not found '
error null
error null
error null
/home/hefner/public_html/mijnsexshop.nl/node_modules/bootstrap/dist/css/bootstrap.min.css url
error { [Error: ENOENT, open '/home/hefner/public_html/mijnsexshop.nl/node_modules/bootstrap/dist/css/bootstrap.min.css']
  errno: 34,
  code: 'ENOENT',
  path: '/home/hefner/public_html/mijnsexshop.nl/node_modules/bootstrap/dist/css/bootstrap.min.css' }
{ [Error: ENOENT, open '/home/hefner/public_html/mijnsexshop.nl/node_modules/bootstrap/dist/css/bootstrap.min.css']
  errno: 34,
  code: 'ENOENT',
  path: '/home/hefner/public_html/mijnsexshop.nl/node_modules/bootstrap/dist/css/bootstrap.min.css' } 'not found '
/home/hefner/public_html/mijnsexshop.nl/js/config.js url
error null
/home/hefner/public_html/mijnsexshop.nl/js/webshop.js url
error null
/home/hefner/public_html/mijnsexshop.nl/node_modules/jquery/dist/jquery.js url
error null
/home/hefner/public_html/mijnsexshop.nl/node_modules/bootstrap/dist/js/bootstrap.js url
error { [Error: ENOENT, open '/home/hefner/public_html/mijnsexshop.nl/node_modules/bootstrap/dist/js/bootstrap.js']
  errno: 34,
  code: 'ENOENT',
  path: '/home/hefner/public_html/mijnsexshop.nl/node_modules/bootstrap/dist/js/bootstrap.js' }
{ [Error: ENOENT, open '/home/hefner/public_html/mijnsexshop.nl/node_modules/bootstrap/dist/js/bootstrap.js']
  errno: 34,
  code: 'ENOENT',
  path: '/home/hefner/public_html/mijnsexshop.nl/node_modules/bootstrap/dist/js/bootstrap.js' } 'not found '
/home/hefner/public_html/mijnsexshop.nl/bower_components/angular/angular.js url
error null
/home/hefner/public_html/mijnsexshop.nl/node_modules/bootstrap/dist/css/bootstrap.min.css url
/home/hefner/public_html/mijnsexshop.nl/css/webshop.css url
error { [Error: ENOENT, open '/home/hefner/public_html/mijnsexshop.nl/node_modules/bootstrap/dist/css/bootstrap.min.css']
  errno: 34,
  code: 'ENOENT',
  path: '/home/hefner/public_html/mijnsexshop.nl/node_modules/bootstrap/dist/css/bootstrap.min.css' }
{ [Error: ENOENT, open '/home/hefner/public_html/mijnsexshop.nl/node_modules/bootstrap/dist/css/bootstrap.min.css']
  errno: 34,
  code: 'ENOENT',
  path: '/home/hefner/public_html/mijnsexshop.nl/node_modules/bootstrap/dist/css/bootstrap.min.css' } 'not found '
/home/hefner/public_html/mijnsexshop.nl/node_modules/requirejs/require.js url
error null
error null
/home/hefner/public_html/mijnsexshop.nl/node_modules/bootstrap/dist/css/bootstrap.min.css url
error { [Error: ENOENT, open '/home/hefner/public_html/mijnsexshop.nl/node_modules/bootstrap/dist/css/bootstrap.min.css']
  errno: 34,
  code: 'ENOENT',
  path: '/home/hefner/public_html/mijnsexshop.nl/node_modules/bootstrap/dist/css/bootstrap.min.css' }
{ [Error: ENOENT, open '/home/hefner/public_html/mijnsexshop.nl/node_modules/bootstrap/dist/css/bootstrap.min.css']
  errno: 34,
  code: 'ENOENT',
  path: '/home/hefner/public_html/mijnsexshop.nl/node_modules/bootstrap/dist/css/bootstrap.min.css' } 'not found '
/home/hefner/public_html/mijnsexshop.nl/js/config.js url
error null
/home/hefner/public_html/mijnsexshop.nl/js/webshop.js url
error null
/home/hefner/public_html/mijnsexshop.nl/node_modules/jquery/dist/jquery.js url
error null
/home/hefner/public_html/mijnsexshop.nl/node_modules/bootstrap/dist/js/bootstrap.js url
error { [Error: ENOENT, open '/home/hefner/public_html/mijnsexshop.nl/node_modules/bootstrap/dist/js/bootstrap.js']
  errno: 34,
  code: 'ENOENT',
  path: '/home/hefner/public_html/mijnsexshop.nl/node_modules/bootstrap/dist/js/bootstrap.js' }
{ [Error: ENOENT, open '/home/hefner/public_html/mijnsexshop.nl/node_modules/bootstrap/dist/js/bootstrap.js']
  errno: 34,
  code: 'ENOENT',
  path: '/home/hefner/public_html/mijnsexshop.nl/node_modules/bootstrap/dist/js/bootstrap.js' } 'not found '
/home/hefner/public_html/mijnsexshop.nl/node_modules/requirejs/require.js url
error null
/home/hefner/public_html/mijnsexshop.nl/node_modules/bootstrap/dist/css/bootstrap.min.css url
/home/hefner/public_html/mijnsexshop.nl/css/webshop.css url
/home/hefner/public_html/mijnsexshop.nl/bower_components/angular/angular.js url
error { [Error: ENOENT, open '/home/hefner/public_html/mijnsexshop.nl/node_modules/bootstrap/dist/css/bootstrap.min.css']
  errno: 34,
  code: 'ENOENT',
  path: '/home/hefner/public_html/mijnsexshop.nl/node_modules/bootstrap/dist/css/bootstrap.min.css' }
{ [Error: ENOENT, open '/home/hefner/public_html/mijnsexshop.nl/node_modules/bootstrap/dist/css/bootstrap.min.css']
  errno: 34,
  code: 'ENOENT',
  path: '/home/hefner/public_html/mijnsexshop.nl/node_modules/bootstrap/dist/css/bootstrap.min.css' } 'not found '
error null
error null
/home/hefner/public_html/mijnsexshop.nl/node_modules/bootstrap/dist/css/bootstrap.min.css url
error { [Error: ENOENT, open '/home/hefner/public_html/mijnsexshop.nl/node_modules/bootstrap/dist/css/bootstrap.min.css']
  errno: 34,
  code: 'ENOENT',
  path: '/home/hefner/public_html/mijnsexshop.nl/node_modules/bootstrap/dist/css/bootstrap.min.css' }
{ [Error: ENOENT, open '/home/hefner/public_html/mijnsexshop.nl/node_modules/bootstrap/dist/css/bootstrap.min.css']
  errno: 34,
  code: 'ENOENT',
  path: '/home/hefner/public_html/mijnsexshop.nl/node_modules/bootstrap/dist/css/bootstrap.min.css' } 'not found '
/home/hefner/public_html/mijnsexshop.nl/js/config.js url
error null
/home/hefner/public_html/mijnsexshop.nl/js/webshop.js url
error null
/home/hefner/public_html/mijnsexshop.nl/node_modules/jquery/dist/jquery.js url
error null
/home/hefner/public_html/mijnsexshop.nl/node_modules/bootstrap/dist/js/bootstrap.js url
error { [Error: ENOENT, open '/home/hefner/public_html/mijnsexshop.nl/node_modules/bootstrap/dist/js/bootstrap.js']
  errno: 34,
  code: 'ENOENT',
  path: '/home/hefner/public_html/mijnsexshop.nl/node_modules/bootstrap/dist/js/bootstrap.js' }
{ [Error: ENOENT, open '/home/hefner/public_html/mijnsexshop.nl/node_modules/bootstrap/dist/js/bootstrap.js']
  errno: 34,
  code: 'ENOENT',
  path: '/home/hefner/public_html/mijnsexshop.nl/node_modules/bootstrap/dist/js/bootstrap.js' } 'not found '
/home/hefner/public_html/mijnsexshop.nl/bower_components/angular/angular.js url
error null
/home/hefner/public_html/mijnsexshop.nl/css/webshop.css url
/home/hefner/public_html/mijnsexshop.nl/bower_modules/bootstrap/dist/css/bootstrap.min.css url
/home/hefner/public_html/mijnsexshop.nl/node_modules/requirejs/require.js url
error { [Error: ENOENT, open '/home/hefner/public_html/mijnsexshop.nl/bower_modules/bootstrap/dist/css/bootstrap.min.css']
  errno: 34,
  code: 'ENOENT',
  path: '/home/hefner/public_html/mijnsexshop.nl/bower_modules/bootstrap/dist/css/bootstrap.min.css' }
{ [Error: ENOENT, open '/home/hefner/public_html/mijnsexshop.nl/bower_modules/bootstrap/dist/css/bootstrap.min.css']
  errno: 34,
  code: 'ENOENT',
  path: '/home/hefner/public_html/mijnsexshop.nl/bower_modules/bootstrap/dist/css/bootstrap.min.css' } 'not found '
error null
error null
/home/hefner/public_html/mijnsexshop.nl/bower_modules/bootstrap/dist/css/bootstrap.min.css url
error { [Error: ENOENT, open '/home/hefner/public_html/mijnsexshop.nl/bower_modules/bootstrap/dist/css/bootstrap.min.css']
  errno: 34,
  code: 'ENOENT',
  path: '/home/hefner/public_html/mijnsexshop.nl/bower_modules/bootstrap/dist/css/bootstrap.min.css' }
{ [Error: ENOENT, open '/home/hefner/public_html/mijnsexshop.nl/bower_modules/bootstrap/dist/css/bootstrap.min.css']
  errno: 34,
  code: 'ENOENT',
  path: '/home/hefner/public_html/mijnsexshop.nl/bower_modules/bootstrap/dist/css/bootstrap.min.css' } 'not found '
/home/hefner/public_html/mijnsexshop.nl/js/config.js url
error null
/home/hefner/public_html/mijnsexshop.nl/js/webshop.js url
error null
/home/hefner/public_html/mijnsexshop.nl/bower_modules/jquery/dist/jquery.js url
error { [Error: ENOENT, open '/home/hefner/public_html/mijnsexshop.nl/bower_modules/jquery/dist/jquery.js']
  errno: 34,
  code: 'ENOENT',
  path: '/home/hefner/public_html/mijnsexshop.nl/bower_modules/jquery/dist/jquery.js' }
{ [Error: ENOENT, open '/home/hefner/public_html/mijnsexshop.nl/bower_modules/jquery/dist/jquery.js']
  errno: 34,
  code: 'ENOENT',
  path: '/home/hefner/public_html/mijnsexshop.nl/bower_modules/jquery/dist/jquery.js' } 'not found '
/home/hefner/public_html/mijnsexshop.nl/bower_components/angular/angular.js url
error null
/home/hefner/public_html/mijnsexshop.nl/node_modules/requirejs/require.js url
/home/hefner/public_html/mijnsexshop.nl/css/webshop.css url
/home/hefner/public_html/mijnsexshop.nl/bower_modules/bootstrap/dist/css/bootstrap.min.css url
error { [Error: ENOENT, open '/home/hefner/public_html/mijnsexshop.nl/bower_modules/bootstrap/dist/css/bootstrap.min.css']
  errno: 34,
  code: 'ENOENT',
  path: '/home/hefner/public_html/mijnsexshop.nl/bower_modules/bootstrap/dist/css/bootstrap.min.css' }
{ [Error: ENOENT, open '/home/hefner/public_html/mijnsexshop.nl/bower_modules/bootstrap/dist/css/bootstrap.min.css']
  errno: 34,
  code: 'ENOENT',
  path: '/home/hefner/public_html/mijnsexshop.nl/bower_modules/bootstrap/dist/css/bootstrap.min.css' } 'not found '
error null
error null
/home/hefner/public_html/mijnsexshop.nl/bower_modules/bootstrap/dist/css/bootstrap.min.css url
error { [Error: ENOENT, open '/home/hefner/public_html/mijnsexshop.nl/bower_modules/bootstrap/dist/css/bootstrap.min.css']
  errno: 34,
  code: 'ENOENT',
  path: '/home/hefner/public_html/mijnsexshop.nl/bower_modules/bootstrap/dist/css/bootstrap.min.css' }
{ [Error: ENOENT, open '/home/hefner/public_html/mijnsexshop.nl/bower_modules/bootstrap/dist/css/bootstrap.min.css']
  errno: 34,
  code: 'ENOENT',
  path: '/home/hefner/public_html/mijnsexshop.nl/bower_modules/bootstrap/dist/css/bootstrap.min.css' } 'not found '
/home/hefner/public_html/mijnsexshop.nl/js/config.js url
error null
/home/hefner/public_html/mijnsexshop.nl/js/webshop.js url
error null
/home/hefner/public_html/mijnsexshop.nl/bower_modules/jquery/dist/jquery.js url
error { [Error: ENOENT, open '/home/hefner/public_html/mijnsexshop.nl/bower_modules/jquery/dist/jquery.js']
  errno: 34,
  code: 'ENOENT',
  path: '/home/hefner/public_html/mijnsexshop.nl/bower_modules/jquery/dist/jquery.js' }
{ [Error: ENOENT, open '/home/hefner/public_html/mijnsexshop.nl/bower_modules/jquery/dist/jquery.js']
  errno: 34,
  code: 'ENOENT',
  path: '/home/hefner/public_html/mijnsexshop.nl/bower_modules/jquery/dist/jquery.js' } 'not found '
/home/hefner/public_html/mijnsexshop.nl/css/webshop.css url
error null
/home/hefner/public_html/mijnsexshop.nl/bower_modules/bootstrap/dist/css/bootstrap.min.css url
error { [Error: ENOENT, open '/home/hefner/public_html/mijnsexshop.nl/bower_modules/bootstrap/dist/css/bootstrap.min.css']
  errno: 34,
  code: 'ENOENT',
  path: '/home/hefner/public_html/mijnsexshop.nl/bower_modules/bootstrap/dist/css/bootstrap.min.css' }
{ [Error: ENOENT, open '/home/hefner/public_html/mijnsexshop.nl/bower_modules/bootstrap/dist/css/bootstrap.min.css']
  errno: 34,
  code: 'ENOENT',
  path: '/home/hefner/public_html/mijnsexshop.nl/bower_modules/bootstrap/dist/css/bootstrap.min.css' } 'not found '
/home/hefner/public_html/mijnsexshop.nl/node_modules/requirejs/require.js url
/home/hefner/public_html/mijnsexshop.nl/bower_components/angular/angular.js url
error null
error null
/home/hefner/public_html/mijnsexshop.nl/bower_modules/bootstrap/dist/css/bootstrap.min.css url
error { [Error: ENOENT, open '/home/hefner/public_html/mijnsexshop.nl/bower_modules/bootstrap/dist/css/bootstrap.min.css']
  errno: 34,
  code: 'ENOENT',
  path: '/home/hefner/public_html/mijnsexshop.nl/bower_modules/bootstrap/dist/css/bootstrap.min.css' }
{ [Error: ENOENT, open '/home/hefner/public_html/mijnsexshop.nl/bower_modules/bootstrap/dist/css/bootstrap.min.css']
  errno: 34,
  code: 'ENOENT',
  path: '/home/hefner/public_html/mijnsexshop.nl/bower_modules/bootstrap/dist/css/bootstrap.min.css' } 'not found '
/home/hefner/public_html/mijnsexshop.nl/js/config.js url
error null
/home/hefner/public_html/mijnsexshop.nl/js/webshop.js url
error null
/home/hefner/public_html/mijnsexshop.nl/bower_modules/jquery/dist/jquery.js url
error { [Error: ENOENT, open '/home/hefner/public_html/mijnsexshop.nl/bower_modules/jquery/dist/jquery.js']
  errno: 34,
  code: 'ENOENT',
  path: '/home/hefner/public_html/mijnsexshop.nl/bower_modules/jquery/dist/jquery.js' }
{ [Error: ENOENT, open '/home/hefner/public_html/mijnsexshop.nl/bower_modules/jquery/dist/jquery.js']
  errno: 34,
  code: 'ENOENT',
  path: '/home/hefner/public_html/mijnsexshop.nl/bower_modules/jquery/dist/jquery.js' } 'not found '
/home/hefner/public_html/mijnsexshop.nl/css/webshop.css url
/home/hefner/public_html/mijnsexshop.nl/bower_modules/bootstrap/dist/css/bootstrap.min.css url
/home/hefner/public_html/mijnsexshop.nl/bower_components/angular/angular.js url
/home/hefner/public_html/mijnsexshop.nl/node_modules/requirejs/require.js url
error { [Error: ENOENT, open '/home/hefner/public_html/mijnsexshop.nl/bower_modules/bootstrap/dist/css/bootstrap.min.css']
  errno: 34,
  code: 'ENOENT',
  path: '/home/hefner/public_html/mijnsexshop.nl/bower_modules/bootstrap/dist/css/bootstrap.min.css' }
{ [Error: ENOENT, open '/home/hefner/public_html/mijnsexshop.nl/bower_modules/bootstrap/dist/css/bootstrap.min.css']
  errno: 34,
  code: 'ENOENT',
  path: '/home/hefner/public_html/mijnsexshop.nl/bower_modules/bootstrap/dist/css/bootstrap.min.css' } 'not found '
error null
error null
error null
/home/hefner/public_html/mijnsexshop.nl/bower_modules/bootstrap/dist/css/bootstrap.min.css url
error { [Error: ENOENT, open '/home/hefner/public_html/mijnsexshop.nl/bower_modules/bootstrap/dist/css/bootstrap.min.css']
  errno: 34,
  code: 'ENOENT',
  path: '/home/hefner/public_html/mijnsexshop.nl/bower_modules/bootstrap/dist/css/bootstrap.min.css' }
{ [Error: ENOENT, open '/home/hefner/public_html/mijnsexshop.nl/bower_modules/bootstrap/dist/css/bootstrap.min.css']
  errno: 34,
  code: 'ENOENT',
  path: '/home/hefner/public_html/mijnsexshop.nl/bower_modules/bootstrap/dist/css/bootstrap.min.css' } 'not found '
/home/hefner/public_html/mijnsexshop.nl/js/config.js url
error null
/home/hefner/public_html/mijnsexshop.nl/js/webshop.js url
error null
/home/hefner/public_html/mijnsexshop.nl/bower_modules/jquery/dist/jquery.js url
error { [Error: ENOENT, open '/home/hefner/public_html/mijnsexshop.nl/bower_modules/jquery/dist/jquery.js']
  errno: 34,
  code: 'ENOENT',
  path: '/home/hefner/public_html/mijnsexshop.nl/bower_modules/jquery/dist/jquery.js' }
{ [Error: ENOENT, open '/home/hefner/public_html/mijnsexshop.nl/bower_modules/jquery/dist/jquery.js']
  errno: 34,
  code: 'ENOENT',
  path: '/home/hefner/public_html/mijnsexshop.nl/bower_modules/jquery/dist/jquery.js' } 'not found '
/home/hefner/public_html/mijnsexshop.nl/css/webshop.css url
/home/hefner/public_html/mijnsexshop.nl/bower_modules/bootstrap/dist/css/bootstrap.min.css url
error { [Error: ENOENT, open '/home/hefner/public_html/mijnsexshop.nl/bower_modules/bootstrap/dist/css/bootstrap.min.css']
  errno: 34,
  code: 'ENOENT',
  path: '/home/hefner/public_html/mijnsexshop.nl/bower_modules/bootstrap/dist/css/bootstrap.min.css' }
{ [Error: ENOENT, open '/home/hefner/public_html/mijnsexshop.nl/bower_modules/bootstrap/dist/css/bootstrap.min.css']
  errno: 34,
  code: 'ENOENT',
  path: '/home/hefner/public_html/mijnsexshop.nl/bower_modules/bootstrap/dist/css/bootstrap.min.css' } 'not found '
/home/hefner/public_html/mijnsexshop.nl/bower_components/angular/angular.js url
/home/hefner/public_html/mijnsexshop.nl/node_modules/requirejs/require.js url
error null
error null
error null
/home/hefner/public_html/mijnsexshop.nl/bower_modules/bootstrap/dist/css/bootstrap.min.css url
error { [Error: ENOENT, open '/home/hefner/public_html/mijnsexshop.nl/bower_modules/bootstrap/dist/css/bootstrap.min.css']
  errno: 34,
  code: 'ENOENT',
  path: '/home/hefner/public_html/mijnsexshop.nl/bower_modules/bootstrap/dist/css/bootstrap.min.css' }
{ [Error: ENOENT, open '/home/hefner/public_html/mijnsexshop.nl/bower_modules/bootstrap/dist/css/bootstrap.min.css']
  errno: 34,
  code: 'ENOENT',
  path: '/home/hefner/public_html/mijnsexshop.nl/bower_modules/bootstrap/dist/css/bootstrap.min.css' } 'not found '
/home/hefner/public_html/mijnsexshop.nl/js/config.js url
error null
/home/hefner/public_html/mijnsexshop.nl/js/webshop.js url
error null
/home/hefner/public_html/mijnsexshop.nl/bower_modules/jquery/dist/jquery.js url
error { [Error: ENOENT, open '/home/hefner/public_html/mijnsexshop.nl/bower_modules/jquery/dist/jquery.js']
  errno: 34,
  code: 'ENOENT',
  path: '/home/hefner/public_html/mijnsexshop.nl/bower_modules/jquery/dist/jquery.js' }
{ [Error: ENOENT, open '/home/hefner/public_html/mijnsexshop.nl/bower_modules/jquery/dist/jquery.js']
  errno: 34,
  code: 'ENOENT',
  path: '/home/hefner/public_html/mijnsexshop.nl/bower_modules/jquery/dist/jquery.js' } 'not found '
/home/hefner/public_html/mijnsexshop.nl/bower_modules/jquery/dist/jquery.js url
error { [Error: ENOENT, open '/home/hefner/public_html/mijnsexshop.nl/bower_modules/jquery/dist/jquery.js']
  errno: 34,
  code: 'ENOENT',
  path: '/home/hefner/public_html/mijnsexshop.nl/bower_modules/jquery/dist/jquery.js' }
{ [Error: ENOENT, open '/home/hefner/public_html/mijnsexshop.nl/bower_modules/jquery/dist/jquery.js']
  errno: 34,
  code: 'ENOENT',
  path: '/home/hefner/public_html/mijnsexshop.nl/bower_modules/jquery/dist/jquery.js' } 'not found '
/home/hefner/public_html/mijnsexshop.nl/bower_modules/jquery/dist/jquery.js url
error { [Error: ENOENT, open '/home/hefner/public_html/mijnsexshop.nl/bower_modules/jquery/dist/jquery.js']
  errno: 34,
  code: 'ENOENT',
  path: '/home/hefner/public_html/mijnsexshop.nl/bower_modules/jquery/dist/jquery.js' }
{ [Error: ENOENT, open '/home/hefner/public_html/mijnsexshop.nl/bower_modules/jquery/dist/jquery.js']
  errno: 34,
  code: 'ENOENT',
  path: '/home/hefner/public_html/mijnsexshop.nl/bower_modules/jquery/dist/jquery.js' } 'not found '
